Determining if the pthread_create exist failed with the following output:
Change Dir: /home/biolearning_a/catkin_ws/build/CMakeFiles/CMakeTmp

Run Build Command:/usr/bin/make "cmTryCompileExec501135507/fast"
/usr/bin/make -f CMakeFiles/cmTryCompileExec501135507.dir/build.make CMakeFiles/cmTryCompileExec501135507.dir/build
make[1]: Entering directory `/home/biolearning_a/catkin_ws/build/CMakeFiles/CMakeTmp'
/usr/bin/cmake -E cmake_progress_report /home/biolearning_a/catkin_ws/build/CMakeFiles/CMakeTmp/CMakeFiles 1
Building C object CMakeFiles/cmTryCompileExec501135507.dir/CheckSymbolExists.c.o
/usr/bin/cc    -o CMakeFiles/cmTryCompileExec501135507.dir/CheckSymbolExists.c.o   -c /home/biolearning_a/catkin_ws/build/CMakeFiles/CMakeTmp/CheckSymbolExists.c
Linking C executable cmTryCompileExec501135507
/usr/bin/cmake -E cmake_link_script CMakeFiles/cmTryCompileExec501135507.dir/link.txt --verbose=1
/usr/bin/cc       CMakeFiles/cmTryCompileExec501135507.dir/CheckSymbolExists.c.o  -o cmTryCompileExec501135507 -rdynamic 
CMakeFiles/cmTryCompileExec501135507.dir/CheckSymbolExists.c.o: In function `main':
CheckSymbolExists.c:(.text+0x16): undefined reference to `pthread_create'
collect2: error: ld returned 1 exit status
make[1]: Leaving directory `/home/biolearning_a/catkin_ws/build/CMakeFiles/CMakeTmp'
make[1]: *** [cmTryCompileExec501135507] Error 1
make: *** [cmTryCompileExec501135507/fast] Error 2

File /home/biolearning_a/catkin_ws/build/CMakeFiles/CMakeTmp/CheckSymbolExists.c:
/* */
#include <pthread.h>

int main(int argc, char** argv)
{
  (void)argv;
#ifndef pthread_create
  return ((int*)(&pthread_create))[argc];
#else
  (void)argc;
  return 0;
#endif
}

Determining if the function pthread_create exists in the pthreads failed with the following output:
Change Dir: /home/biolearning_a/catkin_ws/build/CMakeFiles/CMakeTmp

Run Build Command:/usr/bin/make "cmTryCompileExec3485237565/fast"
/usr/bin/make -f CMakeFiles/cmTryCompileExec3485237565.dir/build.make CMakeFiles/cmTryCompileExec3485237565.dir/build
make[1]: Entering directory `/home/biolearning_a/catkin_ws/build/CMakeFiles/CMakeTmp'
/usr/bin/cmake -E cmake_progress_report /home/biolearning_a/catkin_ws/build/CMakeFiles/CMakeTmp/CMakeFiles 1
Building C object CMakeFiles/cmTryCompileExec3485237565.dir/CheckFunctionExists.c.o
/usr/bin/cc   -DCHECK_FUNCTION_EXISTS=pthread_create   -o CMakeFiles/cmTryCompileExec3485237565.dir/CheckFunctionExists.c.o   -c /usr/share/cmake-2.8/Modules/CheckFunctionExists.c
Linking C executable cmTryCompileExec3485237565
/usr/bin/cmake -E cmake_link_script CMakeFiles/cmTryCompileExec3485237565.dir/link.txt --verbose=1
/usr/bin/cc   -DCHECK_FUNCTION_EXISTS=pthread_create    CMakeFiles/cmTryCompileExec3485237565.dir/CheckFunctionExists.c.o  -o cmTryCompileExec3485237565 -rdynamic -lpthreads 
/usr/bin/ld: cannot find -lpthreads
collect2: error: ld returned 1 exit status
make[1]: Leaving directory `/home/biolearning_a/catkin_ws/build/CMakeFiles/CMakeTmp'
make[1]: *** [cmTryCompileExec3485237565] Error 1
make: *** [cmTryCompileExec3485237565/fast] Error 2


