Determining if the pthread_create exist failed with the following output:
Change Dir: /home/biolearning_a/catkin_ws/build-src-Desktop-Default/CMakeFiles/CMakeTmp

Run Build Command:/usr/bin/make "cmTryCompileExec1059612436/fast"
/usr/bin/make -f CMakeFiles/cmTryCompileExec1059612436.dir/build.make CMakeFiles/cmTryCompileExec1059612436.dir/build
make[1]: Entering directory `/home/biolearning_a/catkin_ws/build-src-Desktop-Default/CMakeFiles/CMakeTmp'
/usr/bin/cmake -E cmake_progress_report /home/biolearning_a/catkin_ws/build-src-Desktop-Default/CMakeFiles/CMakeTmp/CMakeFiles 1
Building C object CMakeFiles/cmTryCompileExec1059612436.dir/CheckSymbolExists.c.o
/usr/bin/cc    -o CMakeFiles/cmTryCompileExec1059612436.dir/CheckSymbolExists.c.o   -c /home/biolearning_a/catkin_ws/build-src-Desktop-Default/CMakeFiles/CMakeTmp/CheckSymbolExists.c
Linking C executable cmTryCompileExec1059612436
/usr/bin/cmake -E cmake_link_script CMakeFiles/cmTryCompileExec1059612436.dir/link.txt --verbose=1
/usr/bin/cc       CMakeFiles/cmTryCompileExec1059612436.dir/CheckSymbolExists.c.o  -o cmTryCompileExec1059612436 -rdynamic 
CMakeFiles/cmTryCompileExec1059612436.dir/CheckSymbolExists.c.o: In function `main':
CheckSymbolExists.c:(.text+0x16): undefined reference to `pthread_create'
collect2: error: ld returned 1 exit status
make[1]: *** [cmTryCompileExec1059612436] Error 1
make[1]: Leaving directory `/home/biolearning_a/catkin_ws/build-src-Desktop-Default/CMakeFiles/CMakeTmp'
make: *** [cmTryCompileExec1059612436/fast] Error 2

File /home/biolearning_a/catkin_ws/build-src-Desktop-Default/CMakeFiles/CMakeTmp/CheckSymbolExists.c:
/* */
#include <pthread.h>

int main(int argc, char** argv)
{
  (void)argv;
#ifndef pthread_create
  return ((int*)(&pthread_create))[argc];
#else
  (void)argc;
  return 0;
#endif
}

Determining if the function pthread_create exists in the pthreads failed with the following output:
Change Dir: /home/biolearning_a/catkin_ws/build-src-Desktop-Default/CMakeFiles/CMakeTmp

Run Build Command:/usr/bin/make "cmTryCompileExec1520803649/fast"
/usr/bin/make -f CMakeFiles/cmTryCompileExec1520803649.dir/build.make CMakeFiles/cmTryCompileExec1520803649.dir/build
make[1]: Entering directory `/home/biolearning_a/catkin_ws/build-src-Desktop-Default/CMakeFiles/CMakeTmp'
/usr/bin/cmake -E cmake_progress_report /home/biolearning_a/catkin_ws/build-src-Desktop-Default/CMakeFiles/CMakeTmp/CMakeFiles 1
Building C object CMakeFiles/cmTryCompileExec1520803649.dir/CheckFunctionExists.c.o
/usr/bin/cc   -DCHECK_FUNCTION_EXISTS=pthread_create   -o CMakeFiles/cmTryCompileExec1520803649.dir/CheckFunctionExists.c.o   -c /usr/share/cmake-2.8/Modules/CheckFunctionExists.c
Linking C executable cmTryCompileExec1520803649
/usr/bin/cmake -E cmake_link_script CMakeFiles/cmTryCompileExec1520803649.dir/link.txt --verbose=1
/usr/bin/cc   -DCHECK_FUNCTION_EXISTS=pthread_create    CMakeFiles/cmTryCompileExec1520803649.dir/CheckFunctionExists.c.o  -o cmTryCompileExec1520803649 -rdynamic -lpthreads 
/usr/bin/ld: cannot find -lpthreads
collect2: error: ld returned 1 exit status
make[1]: *** [cmTryCompileExec1520803649] Error 1
make[1]: Leaving directory `/home/biolearning_a/catkin_ws/build-src-Desktop-Default/CMakeFiles/CMakeTmp'
make: *** [cmTryCompileExec1520803649/fast] Error 2


